mode: atomic
beyond/backend/cmd/server/main.go:17.61,18.54 1 2
beyond/backend/cmd/server/main.go:18.54,25.28 4 2
beyond/backend/cmd/server/main.go:25.28,28.4 2 1
beyond/backend/cmd/server/main.go:31.3,31.13 1 1
beyond/backend/cmd/server/main.go:36.62,37.54 1 0
beyond/backend/cmd/server/main.go:37.54,44.28 5 0
beyond/backend/cmd/server/main.go:44.28,47.4 2 0
beyond/backend/cmd/server/main.go:49.3,49.24 1 0
beyond/backend/cmd/server/main.go:49.24,52.4 2 0
beyond/backend/cmd/server/main.go:54.3,54.19 1 0
beyond/backend/cmd/server/main.go:54.19,57.4 2 0
beyond/backend/cmd/server/main.go:59.3,60.21 2 0
beyond/backend/cmd/server/main.go:60.21,63.4 2 0
beyond/backend/cmd/server/main.go:65.3,66.17 2 0
beyond/backend/cmd/server/main.go:66.17,71.4 3 0
beyond/backend/cmd/server/main.go:72.3,74.24 2 0
beyond/backend/cmd/server/main.go:74.24,76.4 1 0
beyond/backend/cmd/server/main.go:76.9,79.4 1 0
beyond/backend/cmd/server/main.go:81.3,81.19 1 0
beyond/backend/cmd/server/main.go:85.13,88.17 2 0
beyond/backend/cmd/server/main.go:88.17,90.3 1 0
beyond/backend/cmd/server/main.go:93.2,94.16 2 0
beyond/backend/cmd/server/main.go:94.16,96.3 1 0
beyond/backend/cmd/server/main.go:97.2,101.20 3 0
beyond/backend/cmd/server/main.go:101.20,103.3 1 0
beyond/backend/cmd/server/main.go:105.2,106.16 2 0
beyond/backend/cmd/server/main.go:106.16,108.3 1 0
beyond/backend/cmd/server/main.go:110.2,111.20 2 0
beyond/backend/cmd/server/main.go:111.20,113.3 1 0
beyond/backend/cmd/server/main.go:115.2,116.18 2 0
beyond/backend/cmd/server/main.go:116.18,118.3 1 0
beyond/backend/cmd/server/main.go:119.2,119.18 1 0
beyond/backend/cmd/server/main.go:119.18,121.3 1 0
beyond/backend/cmd/server/main.go:123.2,124.18 2 0
beyond/backend/cmd/server/main.go:124.18,126.3 1 0
beyond/backend/cmd/server/main.go:128.2,135.16 2 0
beyond/backend/cmd/server/main.go:135.16,137.3 1 0
beyond/backend/cmd/server/main.go:140.2,141.23 2 0
beyond/backend/cmd/server/main.go:141.23,143.3 1 0
beyond/backend/cmd/server/main.go:145.2,146.16 2 0
beyond/backend/cmd/server/main.go:146.16,148.3 1 0
beyond/backend/cmd/server/main.go:151.2,151.54 1 0
beyond/backend/cmd/server/main.go:151.54,153.3 1 0
beyond/backend/cmd/server/main.go:156.2,162.20 7 0
beyond/backend/cmd/server/main.go:162.20,164.3 1 0
beyond/backend/cmd/server/main.go:165.2,170.83 3 0
beyond/backend/cmd/server/main.go:170.83,171.24 1 0
beyond/backend/cmd/server/main.go:171.24,173.4 1 0
beyond/backend/cmd/server/main.go:173.9,173.32 1 0
beyond/backend/cmd/server/main.go:173.32,175.4 1 0
beyond/backend/cmd/server/main.go:178.2,178.84 1 0
beyond/backend/cmd/server/main.go:178.84,180.46 2 0
beyond/backend/cmd/server/main.go:180.46,181.26 1 0
beyond/backend/cmd/server/main.go:181.26,183.5 1 0
beyond/backend/cmd/server/main.go:184.4,184.10 1 0
beyond/backend/cmd/server/main.go:187.3,187.24 1 0
beyond/backend/cmd/server/main.go:187.24,189.4 1 0
beyond/backend/cmd/server/main.go:189.9,189.31 1 0
beyond/backend/cmd/server/main.go:189.31,191.4 1 0
beyond/backend/cmd/server/main.go:191.9,191.34 1 0
beyond/backend/cmd/server/main.go:191.34,193.4 1 0
beyond/backend/cmd/server/main.go:196.2,196.90 1 0
beyond/backend/cmd/server/main.go:196.90,197.24 1 0
beyond/backend/cmd/server/main.go:197.24,199.4 1 0
beyond/backend/cmd/server/main.go:199.9,199.34 1 0
beyond/backend/cmd/server/main.go:199.34,201.4 1 0
beyond/backend/cmd/server/main.go:204.2,204.83 1 0
beyond/backend/cmd/server/main.go:204.83,205.24 1 0
beyond/backend/cmd/server/main.go:205.24,207.4 1 0
beyond/backend/cmd/server/main.go:207.9,207.32 1 0
beyond/backend/cmd/server/main.go:207.32,209.4 1 0
beyond/backend/cmd/server/main.go:212.2,212.90 1 0
beyond/backend/cmd/server/main.go:212.90,213.25 1 0
beyond/backend/cmd/server/main.go:213.25,215.4 1 0
beyond/backend/cmd/server/main.go:215.9,217.4 1 0
beyond/backend/cmd/server/main.go:220.2,220.84 1 0
beyond/backend/cmd/server/main.go:220.84,223.39 2 0
beyond/backend/cmd/server/main.go:223.39,224.28 1 0
beyond/backend/cmd/server/main.go:224.28,226.5 1 0
beyond/backend/cmd/server/main.go:227.4,227.10 1 0
beyond/backend/cmd/server/main.go:230.3,230.40 1 0
beyond/backend/cmd/server/main.go:230.40,231.25 1 0
beyond/backend/cmd/server/main.go:231.25,233.5 1 0
beyond/backend/cmd/server/main.go:233.10,233.35 1 0
beyond/backend/cmd/server/main.go:233.35,235.5 1 0
beyond/backend/cmd/server/main.go:236.4,236.10 1 0
beyond/backend/cmd/server/main.go:239.3,239.61 1 0
beyond/backend/cmd/server/main.go:239.61,242.4 2 0
beyond/backend/cmd/server/main.go:244.3,244.62 1 0
beyond/backend/cmd/server/main.go:244.62,247.4 2 0
beyond/backend/cmd/server/main.go:249.3,249.64 1 0
beyond/backend/cmd/server/main.go:249.64,252.4 2 0
beyond/backend/cmd/server/main.go:254.3,254.24 1 0
beyond/backend/cmd/server/main.go:254.24,256.4 1 0
beyond/backend/cmd/server/main.go:256.9,256.31 1 0
beyond/backend/cmd/server/main.go:256.31,258.4 1 0
beyond/backend/cmd/server/main.go:258.9,258.34 1 0
beyond/backend/cmd/server/main.go:258.34,260.4 1 0
beyond/backend/cmd/server/main.go:263.2,263.84 1 0
beyond/backend/cmd/server/main.go:263.84,264.25 1 0
beyond/backend/cmd/server/main.go:264.25,266.4 1 0
beyond/backend/cmd/server/main.go:266.9,268.4 1 0
beyond/backend/cmd/server/main.go:271.2,276.67 4 0
beyond/backend/cmd/server/main.go:276.67,281.28 4 0
beyond/backend/cmd/server/main.go:281.28,284.4 2 0
beyond/backend/cmd/server/main.go:286.3,287.69 2 0
beyond/backend/cmd/server/main.go:290.2,291.46 2 0
beyond/backend/internal/handlers/auth.go:18.87,24.16 4 0
beyond/backend/internal/handlers/auth.go:24.16,26.3 1 0
beyond/backend/internal/handlers/auth.go:30.2,34.22 2 0
beyond/backend/internal/handlers/auth.go:44.87,45.54 1 5
beyond/backend/internal/handlers/auth.go:45.54,48.68 2 5
beyond/backend/internal/handlers/auth.go:48.68,51.4 2 2
beyond/backend/internal/handlers/auth.go:53.3,57.17 3 3
beyond/backend/internal/handlers/auth.go:57.17,61.4 3 1
beyond/backend/internal/handlers/auth.go:65.3,66.16 2 2
beyond/backend/internal/handlers/auth.go:66.16,69.4 2 1
beyond/backend/internal/handlers/auth.go:72.3,73.30 2 1
beyond/backend/internal/handlers/auth.go:78.44,81.2 2 39
beyond/backend/internal/handlers/auth_test_helper.go:11.49,14.2 2 39
beyond/backend/internal/handlers/checkpoints.go:21.60,25.2 1 8
beyond/backend/internal/handlers/checkpoints.go:28.87,31.20 3 3
beyond/backend/internal/handlers/checkpoints.go:31.20,34.3 2 0
beyond/backend/internal/handlers/checkpoints.go:35.2,39.148 3 3
beyond/backend/internal/handlers/checkpoints.go:39.148,42.3 2 1
beyond/backend/internal/handlers/checkpoints.go:44.2,45.59 2 2
beyond/backend/internal/handlers/checkpoints.go:45.59,48.3 2 1
beyond/backend/internal/handlers/checkpoints.go:50.2,57.16 4 1
beyond/backend/internal/handlers/checkpoints.go:57.16,61.3 3 0
beyond/backend/internal/handlers/checkpoints.go:63.2,64.30 2 1
beyond/backend/internal/handlers/checkpoints.go:68.87,77.41 4 2
beyond/backend/internal/handlers/checkpoints.go:77.41,80.3 2 0
beyond/backend/internal/handlers/checkpoints.go:82.2,83.59 2 2
beyond/backend/internal/handlers/checkpoints.go:83.59,86.3 2 1
beyond/backend/internal/handlers/checkpoints.go:88.2,94.16 3 1
beyond/backend/internal/handlers/checkpoints.go:94.16,98.3 3 0
beyond/backend/internal/handlers/checkpoints.go:100.2,101.30 2 1
beyond/backend/internal/handlers/checkpoints.go:105.87,114.41 4 3
beyond/backend/internal/handlers/checkpoints.go:114.41,117.3 2 1
beyond/backend/internal/handlers/checkpoints.go:119.2,120.16 2 2
beyond/backend/internal/handlers/checkpoints.go:120.16,124.3 3 1
beyond/backend/internal/handlers/checkpoints.go:126.2,126.37 1 1
beyond/backend/internal/handlers/image.go:10.59,17.36 4 5
beyond/backend/internal/handlers/image.go:17.36,20.3 2 1
beyond/backend/internal/handlers/image.go:23.2,23.32 1 4
beyond/backend/internal/handlers/image.go:23.32,26.3 2 1
beyond/backend/internal/handlers/image.go:29.2,30.45 2 3
beyond/backend/internal/handlers/image.go:30.45,33.3 2 2
beyond/backend/internal/handlers/image.go:36.2,47.21 6 1
beyond/backend/internal/handlers/plan_days.go:19.54,23.2 1 5
beyond/backend/internal/handlers/plan_days.go:26.81,28.20 2 2
beyond/backend/internal/handlers/plan_days.go:28.20,31.3 2 0
beyond/backend/internal/handlers/plan_days.go:32.2,35.59 3 2
beyond/backend/internal/handlers/plan_days.go:35.59,38.3 2 0
beyond/backend/internal/handlers/plan_days.go:41.2,44.27 4 2
beyond/backend/internal/handlers/plan_days.go:44.27,47.3 2 1
beyond/backend/internal/handlers/plan_days.go:49.2,56.16 4 1
beyond/backend/internal/handlers/plan_days.go:56.16,60.3 3 0
beyond/backend/internal/handlers/plan_days.go:62.2,63.30 2 1
beyond/backend/internal/handlers/plan_days.go:67.81,70.2 1 1
beyond/backend/internal/handlers/plan_days.go:73.81,82.41 4 2
beyond/backend/internal/handlers/plan_days.go:82.41,85.3 2 1
beyond/backend/internal/handlers/plan_days.go:87.2,88.16 2 1
beyond/backend/internal/handlers/plan_days.go:88.16,92.3 3 0
beyond/backend/internal/handlers/plan_days.go:94.2,94.37 1 1
beyond/backend/internal/handlers/plan_items.go:19.56,23.2 1 5
beyond/backend/internal/handlers/plan_items.go:26.83,28.20 2 2
beyond/backend/internal/handlers/plan_items.go:28.20,31.3 2 0
beyond/backend/internal/handlers/plan_items.go:32.2,35.59 3 2
beyond/backend/internal/handlers/plan_items.go:35.59,38.3 2 0
beyond/backend/internal/handlers/plan_items.go:41.2,44.27 4 2
beyond/backend/internal/handlers/plan_items.go:44.27,47.3 2 1
beyond/backend/internal/handlers/plan_items.go:49.2,56.16 4 1
beyond/backend/internal/handlers/plan_items.go:56.16,60.3 3 0
beyond/backend/internal/handlers/plan_items.go:62.2,63.30 2 1
beyond/backend/internal/handlers/plan_items.go:67.83,76.41 4 1
beyond/backend/internal/handlers/plan_items.go:76.41,79.3 2 0
beyond/backend/internal/handlers/plan_items.go:81.2,82.59 2 1
beyond/backend/internal/handlers/plan_items.go:82.59,85.3 2 0
beyond/backend/internal/handlers/plan_items.go:87.2,91.16 2 1
beyond/backend/internal/handlers/plan_items.go:91.16,95.3 3 0
beyond/backend/internal/handlers/plan_items.go:97.2,98.30 2 1
beyond/backend/internal/handlers/plan_items.go:102.83,111.41 4 2
beyond/backend/internal/handlers/plan_items.go:111.41,114.3 2 1
beyond/backend/internal/handlers/plan_items.go:116.2,117.16 2 1
beyond/backend/internal/handlers/plan_items.go:117.16,121.3 3 0
beyond/backend/internal/handlers/plan_items.go:123.2,123.37 1 1
beyond/backend/internal/handlers/plans.go:20.48,24.2 1 11
beyond/backend/internal/handlers/plans.go:27.74,30.16 3 2
beyond/backend/internal/handlers/plans.go:30.16,34.3 3 1
beyond/backend/internal/handlers/plans.go:35.2,38.18 3 1
beyond/backend/internal/handlers/plans.go:38.18,40.132 2 2
beyond/backend/internal/handlers/plans.go:40.132,42.12 2 0
beyond/backend/internal/handlers/plans.go:45.3,47.27 3 2
beyond/backend/internal/handlers/plans.go:50.2,51.18 2 1
beyond/backend/internal/handlers/plans.go:51.18,53.3 1 0
beyond/backend/internal/handlers/plans.go:54.2,54.34 1 1
beyond/backend/internal/handlers/plans.go:58.72,65.130 5 5
beyond/backend/internal/handlers/plans.go:65.130,66.27 1 1
beyond/backend/internal/handlers/plans.go:66.27,70.4 3 1
beyond/backend/internal/handlers/plans.go:71.3,73.9 3 0
beyond/backend/internal/handlers/plans.go:77.2,78.16 2 4
beyond/backend/internal/handlers/plans.go:78.16,82.3 3 1
beyond/backend/internal/handlers/plans.go:83.2,88.19 4 3
beyond/backend/internal/handlers/plans.go:88.19,91.62 3 2
beyond/backend/internal/handlers/plans.go:91.62,93.12 2 0
beyond/backend/internal/handlers/plans.go:95.3,97.40 3 2
beyond/backend/internal/handlers/plans.go:101.2,102.16 2 3
beyond/backend/internal/handlers/plans.go:102.16,106.3 3 1
beyond/backend/internal/handlers/plans.go:107.2,110.19 3 2
beyond/backend/internal/handlers/plans.go:110.19,120.159 7 3
beyond/backend/internal/handlers/plans.go:120.159,122.12 2 0
beyond/backend/internal/handlers/plans.go:125.3,125.18 1 3
beyond/backend/internal/handlers/plans.go:125.18,128.4 2 2
beyond/backend/internal/handlers/plans.go:129.3,129.16 1 3
beyond/backend/internal/handlers/plans.go:129.16,132.4 2 3
beyond/backend/internal/handlers/plans.go:133.3,133.16 1 3
beyond/backend/internal/handlers/plans.go:133.16,136.4 2 3
beyond/backend/internal/handlers/plans.go:137.3,137.22 1 3
beyond/backend/internal/handlers/plans.go:137.22,140.4 2 3
beyond/backend/internal/handlers/plans.go:143.3,143.25 1 3
beyond/backend/internal/handlers/plans.go:143.25,145.4 1 1
beyond/backend/internal/handlers/plans.go:145.9,146.52 1 2
beyond/backend/internal/handlers/plans.go:146.52,148.5 1 1
beyond/backend/internal/handlers/plans.go:148.10,151.5 1 1
beyond/backend/internal/handlers/plans.go:156.2,157.35 2 2
beyond/backend/internal/handlers/plans.go:157.35,159.3 1 2
beyond/backend/internal/handlers/plans.go:161.2,162.30 2 2
beyond/backend/internal/handlers/plans.go:166.75,168.59 2 1
beyond/backend/internal/handlers/plans.go:168.59,171.3 2 0
beyond/backend/internal/handlers/plans.go:173.2,183.16 7 1
beyond/backend/internal/handlers/plans.go:183.16,187.3 3 0
beyond/backend/internal/handlers/plans.go:189.2,190.30 2 1
beyond/backend/internal/handlers/plans.go:194.75,199.59 4 1
beyond/backend/internal/handlers/plans.go:199.59,202.3 2 0
beyond/backend/internal/handlers/plans.go:204.2,211.16 4 1
beyond/backend/internal/handlers/plans.go:211.16,215.3 3 0
beyond/backend/internal/handlers/plans.go:217.2,218.30 2 1
beyond/backend/internal/handlers/plans.go:222.75,227.16 4 1
beyond/backend/internal/handlers/plans.go:227.16,231.3 3 0
beyond/backend/internal/handlers/plans.go:233.2,233.37 1 1
beyond/backend/internal/handlers/plans.go:237.75,240.59 3 0
beyond/backend/internal/handlers/plans.go:240.59,243.3 2 0
beyond/backend/internal/handlers/plans.go:245.2,246.16 2 0
beyond/backend/internal/handlers/plans.go:246.16,250.3 3 0
beyond/backend/internal/handlers/plans.go:251.2,260.16 5 0
beyond/backend/internal/handlers/plans.go:260.16,264.3 3 0
beyond/backend/internal/handlers/plans.go:267.2,267.36 1 0
beyond/backend/internal/handlers/plans.go:267.36,274.17 4 0
beyond/backend/internal/handlers/plans.go:274.17,278.4 3 0
beyond/backend/internal/handlers/plans.go:282.2,282.29 1 0
beyond/backend/internal/handlers/plans.go:282.29,288.17 3 0
beyond/backend/internal/handlers/plans.go:288.17,292.4 3 0
beyond/backend/internal/handlers/plans.go:294.3,294.34 1 0
beyond/backend/internal/handlers/plans.go:294.34,301.18 4 0
beyond/backend/internal/handlers/plans.go:301.18,305.5 3 0
beyond/backend/internal/handlers/plans.go:309.2,309.36 1 0
beyond/backend/internal/handlers/plans.go:309.36,313.3 3 0
beyond/backend/internal/handlers/plans.go:315.2,317.30 3 0
beyond/backend/internal/handlers/plans.go:320.38,321.14 1 0
beyond/backend/internal/handlers/plans.go:321.14,323.3 1 0
beyond/backend/internal/handlers/plans.go:324.2,325.30 2 0
beyond/backend/internal/handlers/plans.go:325.30,327.21 2 0
beyond/backend/internal/handlers/plans.go:327.21,332.39 3 0
beyond/backend/internal/handlers/plans.go:332.39,334.5 1 0
beyond/backend/internal/handlers/plans.go:335.4,335.25 1 0
beyond/backend/internal/handlers/plans.go:335.25,337.5 1 0
beyond/backend/internal/handlers/plans.go:338.4,338.20 1 0
beyond/backend/internal/handlers/plans.go:341.2,341.10 1 0
beyond/backend/internal/handlers/plans.go:345.82,347.2 1 1
beyond/backend/internal/handlers/trips.go:21.48,25.2 1 10
beyond/backend/internal/handlers/trips.go:28.74,31.16 3 2
beyond/backend/internal/handlers/trips.go:31.16,35.3 3 1
beyond/backend/internal/handlers/trips.go:36.2,39.18 3 1
beyond/backend/internal/handlers/trips.go:39.18,41.105 2 2
beyond/backend/internal/handlers/trips.go:41.105,43.12 2 0
beyond/backend/internal/handlers/trips.go:45.3,45.27 1 2
beyond/backend/internal/handlers/trips.go:48.2,49.34 2 1
beyond/backend/internal/handlers/trips.go:53.72,60.103 5 3
beyond/backend/internal/handlers/trips.go:60.103,61.27 1 1
beyond/backend/internal/handlers/trips.go:61.27,65.4 3 1
beyond/backend/internal/handlers/trips.go:66.3,68.9 3 0
beyond/backend/internal/handlers/trips.go:72.2,73.16 2 2
beyond/backend/internal/handlers/trips.go:73.16,77.3 3 1
beyond/backend/internal/handlers/trips.go:78.2,80.19 2 1
beyond/backend/internal/handlers/trips.go:80.19,83.120 3 2
beyond/backend/internal/handlers/trips.go:83.120,85.12 2 0
beyond/backend/internal/handlers/trips.go:89.3,89.63 1 2
beyond/backend/internal/handlers/trips.go:89.63,92.4 2 0
beyond/backend/internal/handlers/trips.go:94.3,94.43 1 2
beyond/backend/internal/handlers/trips.go:97.2,98.30 2 1
beyond/backend/internal/handlers/trips.go:102.75,104.59 2 3
beyond/backend/internal/handlers/trips.go:104.59,107.3 2 1
beyond/backend/internal/handlers/trips.go:109.2,116.16 4 2
beyond/backend/internal/handlers/trips.go:116.16,120.3 3 1
beyond/backend/internal/handlers/trips.go:122.2,123.30 2 1
beyond/backend/internal/handlers/trips.go:127.75,132.59 4 1
beyond/backend/internal/handlers/trips.go:132.59,135.3 2 0
beyond/backend/internal/handlers/trips.go:137.2,141.16 2 1
beyond/backend/internal/handlers/trips.go:141.16,145.3 3 0
beyond/backend/internal/handlers/trips.go:147.2,148.30 2 1
beyond/backend/internal/handlers/trips.go:152.75,157.16 4 1
beyond/backend/internal/handlers/trips.go:157.16,161.3 3 0
beyond/backend/internal/handlers/trips.go:163.2,163.37 1 1
beyond/backend/internal/handlers/upload.go:18.62,22.2 1 4
beyond/backend/internal/handlers/upload.go:24.78,25.22 1 4
beyond/backend/internal/handlers/upload.go:25.22,28.3 2 1
beyond/backend/internal/handlers/upload.go:31.2,34.16 3 3
beyond/backend/internal/handlers/upload.go:34.16,37.3 2 1
beyond/backend/internal/handlers/upload.go:38.2,45.16 5 2
beyond/backend/internal/handlers/upload.go:45.16,49.3 3 1
beyond/backend/internal/handlers/upload.go:51.2,53.4 1 1
